2022-11-24 01:57:34,297 - __main__ - INFO - Fetched email from: Wed, 23 Nov 2022 05:32:39
2022-11-24 01:57:35,611 - __main__ - INFO - Fetched email from: Wed, 23 Nov 2022 09:13:29
2022-11-24 04:28:19,599 - __main__ - INFO - Fetched email from: Thu, 24 Nov 2022 03:35:11
2022-11-24 09:33:49,507 - __main__ - INFO - Fetched email from: Thu, 24 Nov 2022 09:30:10
2022-11-29 10:07:27,477 - __main__ - INFO - Fetched email from: Tue, 29 Nov 2022 10:04:31
2022-11-30 06:09:46,145 - __main__ - INFO - Fetched email from: Wed, 30 Nov 2022 05:48:39
2022-11-30 09:34:11,325 - __main__ - INFO - Fetched email from: Wed, 30 Nov 2022 09:26:53
2022-12-01 04:41:06,526 - __main__ - INFO - Fetched email from: Thu, 01 Dec 2022 04:36:35
2022-12-01 10:37:50,985 - __main__ - INFO - Fetched email from: Thu, 01 Dec 2022 10:25:25
2022-12-02 04:08:26,091 - __main__ - INFO - Fetched email from: Fri, 02 Dec 2022 04:00:47
2022-12-02 09:38:38,104 - __main__ - INFO - Fetched email from: Fri, 02 Dec 2022 08:08:43
2022-12-02 10:22:13,048 - __main__ - INFO - Fetched email from: Fri, 02 Dec 2022 08:08:43
2022-12-02 10:22:15,269 - __main__ - INFO - Fetched email from: Thu, 01 Dec 2022 08:56:12
2022-12-02 10:22:18,073 - __main__ - INFO - Fetched email from: Wed, 30 Nov 2022 08:41:40
2022-12-02 10:22:21,070 - __main__ - INFO - Fetched email from: Tue, 29 Nov 2022 10:32:35
2022-12-02 10:22:23,554 - __main__ - INFO - Fetched email from: Mon, 28 Nov 2022 08:50:00
2022-12-05 09:19:30,811 - __main__ - INFO - Fetched email from: Mon, 05 Dec 2022 09:07:50
2022-12-06 10:40:08,407 - __main__ - INFO - Fetched email from: Tue, 06 Dec 2022 10:33:51
2022-12-08 08:25:30,514 - __main__ - INFO - Fetched email from: Wed, 07 Dec 2022 10:11:41
2022-12-08 10:21:29,739 - __main__ - INFO - Fetched email from: Thu, 08 Dec 2022 09:46:41
2022-12-09 09:18:53,188 - __main__ - INFO - Fetched email from: Fri, 09 Dec 2022 08:54:52
2022-12-12 09:19:47,071 - __main__ - INFO - Fetched email from: Mon, 12 Dec 2022 09:05:41
